<?xml version="1.0" encoding="UTF-8"?>
<coverage generated="1729695450120" clover="3.2.0">
  <project timestamp="1729695450120" name="All files">
    <metrics statements="6" coveredstatements="6" conditionals="0" coveredconditionals="0" methods="3" coveredmethods="3" elements="9" coveredelements="9" complexity="0" loc="6" ncloc="6" packages="1" files="3" classes="3"/>
    <file name="cloneArray.js" path="/mnt/c/Users/Kevin/Desktop/testing/cloneArray.js">
      <metrics statements="2" coveredstatements="2" conditionals="0" coveredconditionals="0" methods="1" coveredmethods="1"/>
      <line num="1" count="2" type="stmt"/>
      <line num="2" count="1" type="stmt"/>
    </file>
    <file name="differenceOfNumbers.js" path="/mnt/c/Users/Kevin/Desktop/testing/differenceOfNumbers.js">
      <metrics statements="2" coveredstatements="2" conditionals="0" coveredconditionals="0" methods="1" coveredmethods="1"/>
      <line num="1" count="3" type="stmt"/>
      <line num="2" count="1" type="stmt"/>
    </file>
    <file name="sumOfNumbers.js" path="/mnt/c/Users/Kevin/Desktop/testing/sumOfNumbers.js">
      <metrics statements="2" coveredstatements="2" conditionals="0" coveredconditionals="0" methods="1" coveredmethods="1"/>
      <line num="1" count="3" type="stmt"/>
      <line num="3" count="1" type="stmt"/>
    </file>
  </project>
</coverage>
