<?xml version="1.0" encoding="UTF-8"?>
<coverage generated="1729791767470" clover="3.2.0">
  <project timestamp="1729791767471" name="All files">
    <metrics statements="16" coveredstatements="15" conditionals="8" coveredconditionals="7" methods="4" coveredmethods="4" elements="28" coveredelements="26" complexity="0" loc="16" ncloc="16" packages="1" files="4" classes="4"/>
    <file name="cloneArray.js" path="/mnt/c/Users/Kevin/simpleTestWithJest/cloneArray.js">
      <metrics statements="2" coveredstatements="2" conditionals="0" coveredconditionals="0" methods="1" coveredmethods="1"/>
      <line num="1" count="2" type="stmt"/>
      <line num="2" count="1" type="stmt"/>
    </file>
    <file name="differenceOfNumbers.js" path="/mnt/c/Users/Kevin/simpleTestWithJest/differenceOfNumbers.js">
      <metrics statements="2" coveredstatements="2" conditionals="0" coveredconditionals="0" methods="1" coveredmethods="1"/>
      <line num="1" count="3" type="stmt"/>
      <line num="2" count="1" type="stmt"/>
    </file>
    <file name="fizzbuzz.js" path="/mnt/c/Users/Kevin/simpleTestWithJest/fizzbuzz.js">
      <metrics statements="10" coveredstatements="9" conditionals="8" coveredconditionals="7" methods="1" coveredmethods="1"/>
      <line num="1" count="1" type="stmt"/>
      <line num="2" count="4" type="cond" truecount="4" falsecount="0"/>
      <line num="3" count="2" type="stmt"/>
      <line num="5" count="2" type="cond" truecount="2" falsecount="0"/>
      <line num="6" count="1" type="stmt"/>
      <line num="8" count="1" type="cond" truecount="1" falsecount="1"/>
      <line num="9" count="1" type="stmt"/>
      <line num="12" count="0" type="stmt"/>
      <line num="15" count="1" type="stmt"/>
      <line num="16" count="1" type="stmt"/>
    </file>
    <file name="sumOfNumbers.js" path="/mnt/c/Users/Kevin/simpleTestWithJest/sumOfNumbers.js">
      <metrics statements="2" coveredstatements="2" conditionals="0" coveredconditionals="0" methods="1" coveredmethods="1"/>
      <line num="1" count="3" type="stmt"/>
      <line num="3" count="1" type="stmt"/>
    </file>
  </project>
</coverage>
