{"/mnt/c/Users/Kevin/simpleTestWithJest/cloneArray.js": {"path":"/mnt/c/Users/Kevin/simpleTestWithJest/cloneArray.js","statementMap":{"0":{"start":{"line":1,"column":19},"end":{"line":1,"column":40}},"1":{"start":{"line":1,"column":30},"end":{"line":1,"column":40}},"2":{"start":{"line":2,"column":0},"end":{"line":2,"column":27}}},"fnMap":{"0":{"name":"(anonymous_0)","decl":{"start":{"line":1,"column":19},"end":{"line":1,"column":20}},"loc":{"start":{"line":1,"column":30},"end":{"line":1,"column":40}},"line":1}},"branchMap":{},"s":{"0":1,"1":2,"2":1},"f":{"0":2},"b":{},"_coverageSchema":"1a1c01bbd47fc00a2c39e90264f33305004495a9","hash":"3dcf3de4b979f4e88213e257f18034e37b91c623"}
,"/mnt/c/Users/Kevin/simpleTestWithJest/differenceOfNumbers.js": {"path":"/mnt/c/Users/Kevin/simpleTestWithJest/differenceOfNumbers.js","statementMap":{"0":{"start":{"line":1,"column":28},"end":{"line":1,"column":43}},"1":{"start":{"line":1,"column":38},"end":{"line":1,"column":43}},"2":{"start":{"line":2,"column":0},"end":{"line":2,"column":37}}},"fnMap":{"0":{"name":"(anonymous_0)","decl":{"start":{"line":1,"column":28},"end":{"line":1,"column":29}},"loc":{"start":{"line":1,"column":38},"end":{"line":1,"column":43}},"line":1}},"branchMap":{},"s":{"0":1,"1":3,"2":1},"f":{"0":3},"b":{},"_coverageSchema":"1a1c01bbd47fc00a2c39e90264f33305004495a9","hash":"ae574b2a5803b04fc5e92d188b21c0e6b8d86a77"}
,"/mnt/c/Users/Kevin/simpleTestWithJest/fizzbuzz.js": {"path":"/mnt/c/Users/Kevin/simpleTestWithJest/fizzbuzz.js","statementMap":{"0":{"start":{"line":1,"column":17},"end":{"line":14,"column":1}},"1":{"start":{"line":2,"column":4},"end":{"line":13,"column":5}},"2":{"start":{"line":3,"column":8},"end":{"line":3,"column":26}},"3":{"start":{"line":5,"column":9},"end":{"line":13,"column":5}},"4":{"start":{"line":6,"column":8},"end":{"line":6,"column":22}},"5":{"start":{"line":8,"column":9},"end":{"line":13,"column":5}},"6":{"start":{"line":9,"column":8},"end":{"line":9,"column":22}},"7":{"start":{"line":12,"column":8},"end":{"line":12,"column":19}},"8":{"start":{"line":15,"column":0},"end":{"line":15,"column":26}},"9":{"start":{"line":16,"column":0},"end":{"line":16,"column":14}}},"fnMap":{"0":{"name":"(anonymous_0)","decl":{"start":{"line":1,"column":17},"end":{"line":1,"column":18}},"loc":{"start":{"line":1,"column":26},"end":{"line":14,"column":1}},"line":1}},"branchMap":{"0":{"loc":{"start":{"line":2,"column":4},"end":{"line":13,"column":5}},"type":"if","locations":[{"start":{"line":2,"column":4},"end":{"line":13,"column":5}},{"start":{"line":5,"column":9},"end":{"line":13,"column":5}}],"line":2},"1":{"loc":{"start":{"line":2,"column":8},"end":{"line":2,"column":38}},"type":"binary-expr","locations":[{"start":{"line":2,"column":8},"end":{"line":2,"column":21}},{"start":{"line":2,"column":25},"end":{"line":2,"column":38}}],"line":2},"2":{"loc":{"start":{"line":5,"column":9},"end":{"line":13,"column":5}},"type":"if","locations":[{"start":{"line":5,"column":9},"end":{"line":13,"column":5}},{"start":{"line":8,"column":9},"end":{"line":13,"column":5}}],"line":5},"3":{"loc":{"start":{"line":8,"column":9},"end":{"line":13,"column":5}},"type":"if","locations":[{"start":{"line":8,"column":9},"end":{"line":13,"column":5}},{"start":{"line":11,"column":9},"end":{"line":13,"column":5}}],"line":8}},"s":{"0":1,"1":4,"2":2,"3":2,"4":1,"5":1,"6":1,"7":0,"8":1,"9":1},"f":{"0":4},"b":{"0":[2,2],"1":[4,3],"2":[1,1],"3":[1,0]},"_coverageSchema":"1a1c01bbd47fc00a2c39e90264f33305004495a9","hash":"816104dc2f4c971d9d96b0d03dead0235c63515e"}
,"/mnt/c/Users/Kevin/simpleTestWithJest/sumOfNumbers.js": {"path":"/mnt/c/Users/Kevin/simpleTestWithJest/sumOfNumbers.js","statementMap":{"0":{"start":{"line":1,"column":22},"end":{"line":1,"column":49}},"1":{"start":{"line":1,"column":38},"end":{"line":1,"column":49}},"2":{"start":{"line":3,"column":0},"end":{"line":3,"column":31}}},"fnMap":{"0":{"name":"(anonymous_0)","decl":{"start":{"line":1,"column":22},"end":{"line":1,"column":23}},"loc":{"start":{"line":1,"column":38},"end":{"line":1,"column":49}},"line":1}},"branchMap":{},"s":{"0":1,"1":3,"2":1},"f":{"0":3},"b":{},"_coverageSchema":"1a1c01bbd47fc00a2c39e90264f33305004495a9","hash":"82d4f662c7c0bb1453412656bd9a9c1b3e678e20"}
}
